2022-02-09 09:26:07,004 ERROR com.example.logging_example.LoggerController [http-nio-8080-exec-1] log example error
2022-02-09 09:26:07,871 ERROR com.example.logging_example.LoggerController [http-nio-8080-exec-3] log example error
2022-02-09 09:26:08,015 ERROR com.example.logging_example.LoggerController [http-nio-8080-exec-4] log example error
2022-02-09 09:26:08,181 ERROR com.example.logging_example.LoggerController [http-nio-8080-exec-5] log example error
2022-02-09 09:26:08,339 ERROR com.example.logging_example.LoggerController [http-nio-8080-exec-6] log example error
2022-02-09 09:26:08,474 ERROR com.example.logging_example.LoggerController [http-nio-8080-exec-7] log example error
2022-02-09 09:26:08,640 ERROR com.example.logging_example.LoggerController [http-nio-8080-exec-8] log example error
2022-02-09 09:26:08,821 ERROR com.example.logging_example.LoggerController [http-nio-8080-exec-9] log example error
2022-02-09 09:26:09,021 ERROR com.example.logging_example.LoggerController [http-nio-8080-exec-10] log example error
2022-02-09 09:26:09,171 ERROR com.example.logging_example.LoggerController [http-nio-8080-exec-1] log example error
2022-02-09 09:26:09,329 ERROR com.example.logging_example.LoggerController [http-nio-8080-exec-2] log example error
2022-02-09 09:26:09,486 ERROR com.example.logging_example.LoggerController [http-nio-8080-exec-3] log example error
2022-02-09 09:26:09,660 ERROR com.example.logging_example.LoggerController [http-nio-8080-exec-4] log example error
2022-02-09 09:26:09,836 ERROR com.example.logging_example.LoggerController [http-nio-8080-exec-5] log example error
2022-02-09 09:26:09,994 ERROR com.example.logging_example.LoggerController [http-nio-8080-exec-6] log example error
2022-02-09 09:26:10,144 ERROR com.example.logging_example.LoggerController [http-nio-8080-exec-7] log example error
2022-02-09 09:26:10,302 ERROR com.example.logging_example.LoggerController [http-nio-8080-exec-8] log example error
2022-02-09 09:26:10,436 ERROR com.example.logging_example.LoggerController [http-nio-8080-exec-9] log example error
2022-02-09 09:26:10,717 ERROR com.example.logging_example.LoggerController [http-nio-8080-exec-10] log example error
2022-02-09 09:26:10,899 ERROR com.example.logging_example.LoggerController [http-nio-8080-exec-1] log example error
2022-02-09 09:26:11,049 ERROR com.example.logging_example.LoggerController [http-nio-8080-exec-2] log example error
2022-02-09 09:26:42,306 INFO com.example.logging_example.LoggingExampleApplication [main] Starting LoggingExampleApplication using Java 16.0.1 on Gurumutharasi with PID 11300 (E:\study\logging_example\target\classes started by gurum in E:\study\logging_example)
2022-02-09 09:26:42,314 DEBUG com.example.logging_example.LoggingExampleApplication [main] Running with Spring Boot v2.6.3, Spring v5.3.15
2022-02-09 09:26:42,314 INFO com.example.logging_example.LoggingExampleApplication [main] No active profile set, falling back to default profiles: default
2022-02-09 09:26:44,252 INFO com.example.logging_example.LoggingExampleApplication [main] Started LoggingExampleApplication in 2.503 seconds (JVM running for 3.089)
2022-02-09 09:26:44,557 INFO com.example.logging_example.LoggerController [http-nio-8080-exec-1]  log example info
2022-02-09 09:26:44,558 ERROR com.example.logging_example.LoggerController [http-nio-8080-exec-1] log example error
2022-02-09 09:26:44,558 DEBUG com.example.logging_example.LoggerController [http-nio-8080-exec-1] log example debug
2022-02-09 09:26:44,558 TRACE com.example.logging_example.LoggerController [http-nio-8080-exec-1] log example trace
2022-02-09 09:26:44,599 INFO com.example.logging_example.LoggerController [http-nio-8080-exec-2]  log example info
2022-02-09 09:26:44,599 ERROR com.example.logging_example.LoggerController [http-nio-8080-exec-2] log example error
2022-02-09 09:26:44,600 DEBUG com.example.logging_example.LoggerController [http-nio-8080-exec-2] log example debug
2022-02-09 09:26:44,600 TRACE com.example.logging_example.LoggerController [http-nio-8080-exec-2] log example trace
2022-02-09 09:26:44,769 INFO com.example.logging_example.LoggerController [http-nio-8080-exec-3]  log example info
2022-02-09 09:26:44,770 ERROR com.example.logging_example.LoggerController [http-nio-8080-exec-3] log example error
2022-02-09 09:26:44,771 DEBUG com.example.logging_example.LoggerController [http-nio-8080-exec-3] log example debug
2022-02-09 09:26:44,772 TRACE com.example.logging_example.LoggerController [http-nio-8080-exec-3] log example trace
2022-02-09 09:26:44,911 INFO com.example.logging_example.LoggerController [http-nio-8080-exec-4]  log example info
2022-02-09 09:26:44,911 ERROR com.example.logging_example.LoggerController [http-nio-8080-exec-4] log example error
2022-02-09 09:26:44,912 DEBUG com.example.logging_example.LoggerController [http-nio-8080-exec-4] log example debug
2022-02-09 09:26:44,912 TRACE com.example.logging_example.LoggerController [http-nio-8080-exec-4] log example trace
2022-02-09 09:26:45,039 INFO com.example.logging_example.LoggerController [http-nio-8080-exec-5]  log example info
2022-02-09 09:26:45,040 ERROR com.example.logging_example.LoggerController [http-nio-8080-exec-5] log example error
2022-02-09 09:26:45,040 DEBUG com.example.logging_example.LoggerController [http-nio-8080-exec-5] log example debug
